Temp/gradleOut/launcher/build/intermediates/manifest_merge_blame_file/release/manifest-merger-blame-release-report.txt
1<?xml version="1.0" encoding="utf-8"?>
2<!-- GENERATED BY UNITY. REMOVE THIS COMMENT TO PREVENT OVERWRITING WHEN EXPORTING AGAIN -->
3<manifest xmlns:android="http://schemas.android.com/apk/res/android"
4    package="com.layon.Tutorial_Unity2020_Cardboard_XR_Plugin"
5    android:installLocation="preferExternal"
6    android:versionCode="1"
7    android:versionName="0.1" >
8
9    <uses-sdk
10        android:minSdkVersion="28"
10-->src/main/AndroidManifest.xml
11        android:targetSdkVersion="29" />
11-->src/main/AndroidManifest.xml
12
13    <supports-screens
13-->src/main/AndroidManifest.xml:4:3-163
14        android:anyDensity="true"
14-->src/main/AndroidManifest.xml:4:135-160
15        android:largeScreens="true"
15-->src/main/AndroidManifest.xml:4:78-105
16        android:normalScreens="true"
16-->src/main/AndroidManifest.xml:4:49-77
17        android:smallScreens="true"
17-->src/main/AndroidManifest.xml:4:21-48
18        android:xlargeScreens="true" />
18-->src/main/AndroidManifest.xml:4:106-134
19
20    <uses-feature
20-->[:unityLibrary] AndroidManifest.xml:13:5-54
21        android:glEsVersion="0x00020000"
21-->[:unityLibrary] AndroidManifest.xml:13:19-51
22        android:required="true" />
22-->[:sdk:] AndroidManifest.xml:13:9-32
23
24    <uses-permission android:name="android.permission.INTERNET" />
24-->[:unityLibrary] AndroidManifest.xml:15:5-67
24-->[:unityLibrary] AndroidManifest.xml:15:22-64
25
26    <uses-feature
26-->[:unityLibrary] AndroidManifest.xml:17:5-19:36
27        android:name="android.hardware.touchscreen"
27-->[:unityLibrary] AndroidManifest.xml:18:9-52
28        android:required="false" />
28-->[:unityLibrary] AndroidManifest.xml:19:9-33
29    <uses-feature
29-->[:unityLibrary] AndroidManifest.xml:20:5-22:36
30        android:name="android.hardware.touchscreen.multitouch"
30-->[:unityLibrary] AndroidManifest.xml:21:9-63
31        android:required="false" />
31-->[:unityLibrary] AndroidManifest.xml:22:9-33
32    <uses-feature
32-->[:unityLibrary] AndroidManifest.xml:23:5-25:36
33        android:name="android.hardware.touchscreen.multitouch.distinct"
33-->[:unityLibrary] AndroidManifest.xml:24:9-72
34        android:required="false" />
34-->[:unityLibrary] AndroidManifest.xml:25:9-33
35
36    <uses-permission android:name="android.permission.CAMERA" />
36-->[:sdk:] AndroidManifest.xml:15:5-65
36-->[:sdk:] AndroidManifest.xml:15:22-62
37    <uses-permission android:name="android.permission.WRITE_EXTERNAL_STORAGE" />
37-->[:sdk:] AndroidManifest.xml:16:5-81
37-->[:sdk:] AndroidManifest.xml:16:22-78
38    <uses-permission android:name="android.permission.NFC" />
38-->[:sdk:] AndroidManifest.xml:18:5-62
38-->[:sdk:] AndroidManifest.xml:18:22-59
39    <uses-permission android:name="android.permission.READ_EXTERNAL_STORAGE" />
40
41    <application
41-->src/main/AndroidManifest.xml:5:3-116
42        android:allowBackup="true"
42-->[:gvr-keyboardsupport-release:] AndroidManifest.xml:12:9-35
43        android:appComponentFactory="android.support.v4.app.CoreComponentFactory"
43-->[com.android.support:support-compat:28.0.0] AndroidManifest.xml:22:18-91
44        android:extractNativeLibs="true"
44-->src/main/AndroidManifest.xml:5:16-48
45        android:icon="@mipmap/app_icon"
45-->src/main/AndroidManifest.xml:5:82-113
46        android:label="@string/app_name"
46-->src/main/AndroidManifest.xml:5:49-81
47        android:requestLegacyExternalStorage="true"
47-->[:unityLibrary] AndroidManifest.xml:27:18-61
48        android:supportsRtl="true" >
48-->[:gvr-keyboardsupport-release:] AndroidManifest.xml:14:9-35
49        <activity
49-->[:unityLibrary] AndroidManifest.xml:28:9-47:20
50            android:name="com.unity3d.player.UnityPlayerActivity"
50-->[:unityLibrary] AndroidManifest.xml:29:13-66
51            android:configChanges="mcc|mnc|locale|touchscreen|keyboard|keyboardHidden|navigation|orientation|screenLayout|uiMode|screenSize|smallestScreenSize|fontScale|layoutDirection|density"
51-->[:unityLibrary] AndroidManifest.xml:30:13-194
52            android:hardwareAccelerated="false"
52-->[:unityLibrary] AndroidManifest.xml:31:13-48
53            android:launchMode="singleTask"
53-->[:unityLibrary] AndroidManifest.xml:32:13-44
54            android:screenOrientation="landscape"
54-->[:unityLibrary] AndroidManifest.xml:33:13-50
55            android:theme="@style/UnityThemeSelector" >
55-->[:unityLibrary] AndroidManifest.xml:34:13-54
56            <intent-filter>
56-->[:unityLibrary] AndroidManifest.xml:35:13-39:29
57                <action android:name="android.intent.action.MAIN" />
57-->[:unityLibrary] AndroidManifest.xml:36:17-69
57-->[:unityLibrary] AndroidManifest.xml:36:25-66
58
59                <category android:name="android.intent.category.LAUNCHER" />
59-->[:unityLibrary] AndroidManifest.xml:38:17-77
59-->[:unityLibrary] AndroidManifest.xml:38:27-74
60            </intent-filter>
61
62            <meta-data
62-->[:unityLibrary] AndroidManifest.xml:41:13-43:40
63                android:name="unityplayer.UnityActivity"
63-->[:unityLibrary] AndroidManifest.xml:42:17-57
64                android:value="true" />
64-->[:unityLibrary] AndroidManifest.xml:43:17-37
65            <meta-data
65-->[:unityLibrary] AndroidManifest.xml:44:13-46:40
66                android:name="android.notch_support"
66-->[:unityLibrary] AndroidManifest.xml:45:17-53
67                android:value="true" />
67-->[:unityLibrary] AndroidManifest.xml:46:17-37
68        </activity>
69
70        <meta-data
70-->[:unityLibrary] AndroidManifest.xml:49:9-51:33
71            android:name="unity.splash-mode"
71-->[:unityLibrary] AndroidManifest.xml:50:13-45
72            android:value="0" />
72-->[:unityLibrary] AndroidManifest.xml:51:13-30
73        <meta-data
73-->[:unityLibrary] AndroidManifest.xml:52:9-54:36
74            android:name="unity.splash-enable"
74-->[:unityLibrary] AndroidManifest.xml:53:13-47
75            android:value="True" />
75-->[:unityLibrary] AndroidManifest.xml:54:13-33
76        <meta-data
76-->[:unityLibrary] AndroidManifest.xml:55:9-57:50
77            android:name="notch.config"
77-->[:unityLibrary] AndroidManifest.xml:56:13-40
78            android:value="portrait|landscape" />
78-->[:unityLibrary] AndroidManifest.xml:57:13-47
79        <meta-data
79-->[:unityLibrary] AndroidManifest.xml:58:9-60:68
80            android:name="unity.build-id"
80-->[:unityLibrary] AndroidManifest.xml:59:13-42
81            android:value="e49cb8a7-7282-4a6a-bad4-7edebd1419fe" />
81-->[:unityLibrary] AndroidManifest.xml:60:13-65
82
83        <activity
83-->[com.google.android.gms:play-services-base:15.0.1] AndroidManifest.xml:23:9-26:75
84            android:name="com.google.android.gms.common.api.GoogleApiActivity"
84-->[com.google.android.gms:play-services-base:15.0.1] AndroidManifest.xml:24:13-79
85            android:exported="false"
85-->[com.google.android.gms:play-services-base:15.0.1] AndroidManifest.xml:25:13-37
86            android:theme="@android:style/Theme.Translucent.NoTitleBar" />
86-->[com.google.android.gms:play-services-base:15.0.1] AndroidManifest.xml:26:13-72
87
88        <meta-data
88-->[com.google.android.gms:play-services-basement:15.0.1] AndroidManifest.xml:23:9-25:69
89            android:name="com.google.android.gms.version"
89-->[com.google.android.gms:play-services-basement:15.0.1] AndroidManifest.xml:24:13-58
90            android:value="@integer/google_play_services_version" /> <!-- For enableVrMode use the value vs. the string so Unity can build it. -->
90-->[com.google.android.gms:play-services-basement:15.0.1] AndroidManifest.xml:25:13-66
91        <activity
91-->[:gvr-keyboardsupport-release:] AndroidManifest.xml:17:9-28:20
92            android:name="com.google.gvr.keyboardsupport.TransitionVRActivity"
92-->[:gvr-keyboardsupport-release:] AndroidManifest.xml:18:13-79
93            android:configChanges="density|keyboardHidden|navigation|orientation|screenSize|uiMode"
93-->[:gvr-keyboardsupport-release:] AndroidManifest.xml:19:13-100
94            android:enableVrMode="com.google.vr.vrcore/com.google.vr.vrcore.common.VrCoreListenerService"
94-->[:gvr-keyboardsupport-release:] AndroidManifest.xml:20:13-106
95            android:exported="false"
95-->[:gvr-keyboardsupport-release:] AndroidManifest.xml:21:13-37
96            android:label="@string/app_name"
96-->[:gvr-keyboardsupport-release:] AndroidManifest.xml:22:13-45
97            android:resizeableActivity="false" >
97-->[:gvr-keyboardsupport-release:] AndroidManifest.xml:23:13-47
98            <intent-filter>
98-->[:gvr-keyboardsupport-release:] AndroidManifest.xml:24:13-27:29
99                <category android:name="android.intent.category.LAUNCHER" />
99-->[:unityLibrary] AndroidManifest.xml:38:17-77
99-->[:unityLibrary] AndroidManifest.xml:38:27-74
100                <category android:name="com.google.intent.category.DAYDREAM" />
100-->[:gvr-keyboardsupport-release:] AndroidManifest.xml:26:17-80
100-->[:gvr-keyboardsupport-release:] AndroidManifest.xml:26:27-77
101            </intent-filter>
102        </activity> <!-- For enableVrMode use the value vs. the string so Unity can build it. -->
103        <activity
103-->[:gvr-permissionsupport-release:] AndroidManifest.xml:17:9-27:20
104            android:name="com.google.gvr.permissionsupport.TransitionVRActivity"
104-->[:gvr-permissionsupport-release:] AndroidManifest.xml:18:13-81
105            android:configChanges="density|keyboardHidden|navigation|orientation|screenSize|uiMode"
105-->[:gvr-permissionsupport-release:] AndroidManifest.xml:19:13-100
106            android:enableVrMode="com.google.vr.vrcore/com.google.vr.vrcore.common.VrCoreListenerService"
106-->[:gvr-permissionsupport-release:] AndroidManifest.xml:20:13-106
107            android:exported="false"
107-->[:gvr-permissionsupport-release:] AndroidManifest.xml:21:13-37
108            android:label="@string/app_name" >
108-->[:gvr-permissionsupport-release:] AndroidManifest.xml:22:13-45
109            <intent-filter>
109-->[:gvr-keyboardsupport-release:] AndroidManifest.xml:24:13-27:29
110                <category android:name="android.intent.category.LAUNCHER" />
110-->[:unityLibrary] AndroidManifest.xml:38:17-77
110-->[:unityLibrary] AndroidManifest.xml:38:27-74
111                <category android:name="com.google.intent.category.DAYDREAM" />
111-->[:gvr-keyboardsupport-release:] AndroidManifest.xml:26:17-80
111-->[:gvr-keyboardsupport-release:] AndroidManifest.xml:26:27-77
112            </intent-filter>
113        </activity>
114        <activity
114-->[:sdk:] AndroidManifest.xml:21:9-25:66
115            android:name="com.google.cardboard.sdk.QrCodeCaptureActivity"
115-->[:sdk:] AndroidManifest.xml:22:13-74
116            android:exported="false"
116-->[:sdk:] AndroidManifest.xml:23:13-37
117            android:label="@string/title_activity_qr_code_capture"
117-->[:sdk:] AndroidManifest.xml:24:13-67
118            android:theme="@style/Theme.AppCompat.NoActionBar" />
118-->[:sdk:] AndroidManifest.xml:25:13-63
119        <!--
120          Activity whose sole purpose is to update Cardboard device params when a Cardboard V1
121          NFC tag is detected.
122        -->
123        <activity
123-->[:sdk:] AndroidManifest.xml:31:9-44:20
124            android:name="com.google.cardboard.sdk.HeadsetDetectionActivity"
124-->[:sdk:] AndroidManifest.xml:32:13-77
125            android:exported="true"
125-->[:sdk:] AndroidManifest.xml:33:13-36
126            android:label="@string/headset_detection_activity_title" >
126-->[:sdk:] AndroidManifest.xml:34:13-69
127
128            <!-- Handles the Cardboard V1 NFC tag released at Google I/O 2014. -->
129            <intent-filter>
129-->[:sdk:] AndroidManifest.xml:37:13-43:29
130                <action android:name="android.nfc.action.NDEF_DISCOVERED" />
130-->[:sdk:] AndroidManifest.xml:38:17-77
130-->[:sdk:] AndroidManifest.xml:38:25-74
131
132                <category android:name="android.intent.category.DEFAULT" />
132-->[:sdk:] AndroidManifest.xml:40:17-76
132-->[:sdk:] AndroidManifest.xml:40:27-73
133
134                <data android:scheme="cardboard" />
134-->[:sdk:] AndroidManifest.xml:42:17-52
134-->[:sdk:] AndroidManifest.xml:42:23-49
135            </intent-filter>
136        </activity>
137    </application>
138
139</manifest>